<?xml version="1.0" encoding="UTF-8"?>
<testsuite xmlns:xsi="http://www.w3.org/2001/XMLSchema-instance" xsi:noNamespaceSchemaLocation="https://maven.apache.org/surefire/maven-surefire-plugin/xsd/surefire-test-report-3.0.xsd" version="3.0" name="com.convivir.app.ConvivirsmartApplicationTests" time="5.645" tests="1" errors="0" skipped="0" failures="0">
  <properties>
[...]
</properties>
  <testcase name="contextLoads" classname="com.convivir.app.ConvivirsmartApplicationTests" time="0.61">
    <system-out><![CDATA[11:10:53.919 [main] INFO org.springframework.test.context.support.AnnotationConfigContextLoaderUtils -- Could not detect default configuration classes for test class [com.convivir.app.ConvivirsmartApplicationTests]: ConvivirsmartApplicationTests does not declare any static, non-private, non-final, nested classes annotated with @Configuration.
11:10:54.046 [main] INFO org.springframework.boot.test.context.SpringBootTestContextBootstrapper -- Found @SpringBootConfiguration com.convivir.app.ConvivirsmartApplication for test class com.convivir.app.ConvivirsmartApplicationTests
11:10:54.223 [main] INFO org.springframework.boot.devtools.restart.RestartApplicationListener -- Restart disabled due to context in which it is running
  .   ____          _            __ _ _
 /\\ / ___'_ __ _ _(_)_ __  __ _ \ \ \ \
( ( )\___ | '_ | '_| | '_ \/ _` | \ \ \ \
 \\/  ___)| |_)| | | | | || (_| |  ) ) ) )
  '  |____| .__|_| |_|_| |_\__, | / / / /
 =========|_|==============|___/=/_/_/_/

 :: Spring Boot ::                (v3.3.0)

2026-06-13T11:10:54.618-05:00  INFO 20200 --- [CONVIVIRSMART] [           main] c.c.app.ConvivirsmartApplicationTests    : Starting ConvivirsmartApplicationTests using Java 24.0.2 with PID 20200 (started by HP in C:\SpringTools\CONVIVIRSMART (1)\CONVIVIRSMART\CONVIVIRSMART\CONVIVIRSMART)
2026-06-13T11:10:54.620-05:00  INFO 20200 --- [CONVIVIRSMART] [           main] c.c.app.ConvivirsmartApplicationTests    : No active profile set, falling back to 1 default profile: "default"
2026-06-13T11:10:55.914-05:00  INFO 20200 --- [CONVIVIRSMART] [           main] .s.d.r.c.RepositoryConfigurationDelegate : Bootstrapping Spring Data MongoDB repositories in DEFAULT mode.
2026-06-13T11:10:55.998-05:00  INFO 20200 --- [CONVIVIRSMART] [           main] .s.d.r.c.RepositoryConfigurationDelegate : Finished Spring Data repository scanning in 80 ms. Found 11 MongoDB repository interfaces.
2026-06-13T11:10:56.663-05:00  INFO 20200 --- [CONVIVIRSMART] [9a7.mongodb.net] org.mongodb.driver.cluster               : Adding discovered server ac-pedfcy5-shard-00-02.tee29a7.mongodb.net:27017 to client view of cluster
2026-06-13T11:10:56.678-05:00  INFO 20200 --- [CONVIVIRSMART] [           main] org.mongodb.driver.client                : MongoClient with metadata {"driver": {"name": "mongo-java-driver|sync|spring-boot", "version": "5.0.1"}, "os": {"type": "Windows", "name": "Windows 11", "architecture": "amd64", "version": "10.0"}, "platform": "Java/Oracle Corporation/24.0.2+12-54"} created with settings MongoClientSettings{readPreference=primary, writeConcern=WriteConcern{w=null, wTimeout=null ms, journal=null}, retryWrites=true, retryReads=true, readConcern=ReadConcern{level=null}, credential=MongoCredential{mechanism=null, userName='contactonovashop4_db_user', source='admin', password=<hidden>, mechanismProperties=<hidden>}, transportSettings=null, commandListeners=[], codecRegistry=ProvidersCodecRegistry{codecProviders=[ValueCodecProvider{}, BsonValueCodecProvider{}, DBRefCodecProvider{}, DBObjectCodecProvider{}, DocumentCodecProvider{}, CollectionCodecProvider{}, IterableCodecProvider{}, MapCodecProvider{}, GeoJsonCodecProvider{}, GridFSFileCodecProvider{}, Jsr310CodecProvider{}, JsonObjectCodecProvider{}, BsonCodecProvider{}, EnumCodecProvider{}, com.mongodb.client.model.mql.ExpressionCodecProvider@627ff1b8, com.mongodb.Jep395RecordCodecProvider@62b57479, com.mongodb.KotlinCodecProvider@29a33620]}, loggerSettings=LoggerSettings{maxDocumentLength=1000}, clusterSettings={hosts=[127.0.0.1:27017], srvHost=cluster0.tee29a7.mongodb.net, srvServiceName=mongodb, mode=MULTIPLE, requiredClusterType=REPLICA_SET, requiredReplicaSetName='atlas-hsu33s-shard-0', serverSelector='null', clusterListeners='[]', serverSelectionTimeout='30000 ms', localThreshold='15 ms'}, socketSettings=SocketSettings{connectTimeoutMS=10000, readTimeoutMS=0, receiveBufferSize=0, proxySettings=ProxySettings{host=null, port=null, username=null, password=null}}, heartbeatSocketSettings=SocketSettings{connectTimeoutMS=10000, readTimeoutMS=10000, receiveBufferSize=0, proxySettings=ProxySettings{host=null, port=null, username=null, password=null}}, connectionPoolSettings=ConnectionPoolSettings{maxSize=100, minSize=0, maxWaitTimeMS=120000, maxConnectionLifeTimeMS=0, maxConnectionIdleTimeMS=0, maintenanceInitialDelayMS=0, maintenanceFrequencyMS=60000, connectionPoolListeners=[], maxConnecting=2}, serverSettings=ServerSettings{heartbeatFrequencyMS=10000, minHeartbeatFrequencyMS=500, serverListeners='[]', serverMonitorListeners='[]'}, sslSettings=SslSettings{enabled=true, invalidHostNameAllowed=false, context=null}, applicationName='null', compressorList=[], uuidRepresentation=JAVA_LEGACY, serverApi=null, autoEncryptionSettings=null, dnsClient=null, inetAddressResolver=null, contextProvider=null}
2026-06-13T11:10:56.692-05:00  INFO 20200 --- [CONVIVIRSMART] [9a7.mongodb.net] org.mongodb.driver.cluster               : Adding discovered server ac-pedfcy5-shard-00-00.tee29a7.mongodb.net:27017 to client view of cluster
2026-06-13T11:10:56.695-05:00  INFO 20200 --- [CONVIVIRSMART] [9a7.mongodb.net] org.mongodb.driver.cluster               : Adding discovered server ac-pedfcy5-shard-00-01.tee29a7.mongodb.net:27017 to client view of cluster
2026-06-13T11:10:57.653-05:00  INFO 20200 --- [CONVIVIRSMART] [           main] r$InitializeUserDetailsManagerConfigurer : Global AuthenticationManager configured with UserDetailsService bean with name userDetailsServiceImpl
2026-06-13T11:10:58.220-05:00  INFO 20200 --- [CONVIVIRSMART] [           main] o.s.s.web.DefaultSecurityFilterChain     : Will secure any request with [org.springframework.security.web.session.DisableEncodeUrlFilter@3e8b8f0, org.springframework.security.web.context.request.async.WebAsyncManagerIntegrationFilter@5ad57e90, org.springframework.security.web.context.SecurityContextHolderFilter@74eec640, org.springframework.security.web.header.HeaderWriterFilter@4fe2dd02, org.springframework.web.filter.CorsFilter@1a345298, org.springframework.security.web.authentication.logout.LogoutFilter@33ebe4f0, org.springframework.security.web.authentication.UsernamePasswordAuthenticationFilter@4b85edeb, org.springframework.security.web.session.ConcurrentSessionFilter@5ef2cbe6, org.springframework.security.web.savedrequest.RequestCacheAwareFilter@18dd7767, org.springframework.security.web.servletapi.SecurityContextHolderAwareRequestFilter@bfe47a8, org.springframework.security.web.authentication.AnonymousAuthenticationFilter@4ad896f7, org.springframework.security.web.session.SessionManagementFilter@5817f1ca, org.springframework.security.web.access.ExceptionTranslationFilter@7ed7ae, org.springframework.security.web.access.intercept.AuthorizationFilter@ce655b9]
2026-06-13T11:10:58.500-05:00  INFO 20200 --- [CONVIVIRSMART] [ngodb.net:27017] org.mongodb.driver.cluster               : Monitor thread successfully connected to server with description ServerDescription{address=ac-pedfcy5-shard-00-00.tee29a7.mongodb.net:27017, type=REPLICA_SET_SECONDARY, state=CONNECTED, ok=true, minWireVersion=0, maxWireVersion=25, maxDocumentSize=16777216, logicalSessionTimeoutMinutes=30, roundTripTimeNanos=582633200, setName='atlas-hsu33s-shard-0', canonicalAddress=ac-pedfcy5-shard-00-00.tee29a7.mongodb.net:27017, hosts=[ac-pedfcy5-shard-00-00.tee29a7.mongodb.net:27017, ac-pedfcy5-shard-00-02.tee29a7.mongodb.net:27017, ac-pedfcy5-shard-00-01.tee29a7.mongodb.net:27017], passives=[], arbiters=[], primary='ac-pedfcy5-shard-00-01.tee29a7.mongodb.net:27017', tagSet=TagSet{[Tag{name='cacheState', value='READY'}, Tag{name='diskState', value='READY'}, Tag{name='nodeType', value='ELECTABLE'}, Tag{name='provider', value='AZURE'}, Tag{name='region', value='US_EAST_2'}, Tag{name='workloadType', value='OPERATIONAL'}]}, electionId=null, setVersion=87, topologyVersion=TopologyVersion{processId=6a2a1932967fd2a9eae1aa54, counter=4}, lastWriteDate=Sat Jun 13 11:10:58 GMT-05:00 2026, lastUpdateTimeNanos=7907677147400}
2026-06-13T11:10:58.500-05:00  INFO 20200 --- [CONVIVIRSMART] [ngodb.net:27017] org.mongodb.driver.cluster               : Monitor thread successfully connected to server with description ServerDescription{address=ac-pedfcy5-shard-00-02.tee29a7.mongodb.net:27017, type=REPLICA_SET_SECONDARY, state=CONNECTED, ok=true, minWireVersion=0, maxWireVersion=25, maxDocumentSize=16777216, logicalSessionTimeoutMinutes=30, roundTripTimeNanos=582656900, setName='atlas-hsu33s-shard-0', canonicalAddress=ac-pedfcy5-shard-00-02.tee29a7.mongodb.net:27017, hosts=[ac-pedfcy5-shard-00-00.tee29a7.mongodb.net:27017, ac-pedfcy5-shard-00-02.tee29a7.mongodb.net:27017, ac-pedfcy5-shard-00-01.tee29a7.mongodb.net:27017], passives=[], arbiters=[], primary='ac-pedfcy5-shard-00-01.tee29a7.mongodb.net:27017', tagSet=TagSet{[Tag{name='cacheState', value='READY'}, Tag{name='diskState', value='READY'}, Tag{name='nodeType', value='ELECTABLE'}, Tag{name='provider', value='AZURE'}, Tag{name='region', value='US_EAST_2'}, Tag{name='workloadType', value='OPERATIONAL'}]}, electionId=null, setVersion=87, topologyVersion=TopologyVersion{processId=6a2a1f1d03f20e14d3c51640, counter=3}, lastWriteDate=Sat Jun 13 11:10:58 GMT-05:00 2026, lastUpdateTimeNanos=7907677147000}
2026-06-13T11:10:58.500-05:00  INFO 20200 --- [CONVIVIRSMART] [ngodb.net:27017] org.mongodb.driver.cluster               : Monitor thread successfully connected to server with description ServerDescription{address=ac-pedfcy5-shard-00-01.tee29a7.mongodb.net:27017, type=REPLICA_SET_PRIMARY, state=CONNECTED, ok=true, minWireVersion=0, maxWireVersion=25, maxDocumentSize=16777216, logicalSessionTimeoutMinutes=30, roundTripTimeNanos=582647300, setName='atlas-hsu33s-shard-0', canonicalAddress=ac-pedfcy5-shard-00-01.tee29a7.mongodb.net:27017, hosts=[ac-pedfcy5-shard-00-00.tee29a7.mongodb.net:27017, ac-pedfcy5-shard-00-02.tee29a7.mongodb.net:27017, ac-pedfcy5-shard-00-01.tee29a7.mongodb.net:27017], passives=[], arbiters=[], primary='ac-pedfcy5-shard-00-01.tee29a7.mongodb.net:27017', tagSet=TagSet{[Tag{name='cacheState', value='READY'}, Tag{name='diskState', value='READY'}, Tag{name='nodeType', value='ELECTABLE'}, Tag{name='provider', value='AZURE'}, Tag{name='region', value='US_EAST_2'}, Tag{name='workloadType', value='OPERATIONAL'}]}, electionId=7fffffff0000000000000445, setVersion=87, topologyVersion=TopologyVersion{processId=6a2a1eecff24ba6d62899244, counter=6}, lastWriteDate=Sat Jun 13 11:10:58 GMT-05:00 2026, lastUpdateTimeNanos=7907677147400}
2026-06-13T11:10:58.509-05:00  INFO 20200 --- [CONVIVIRSMART] [ngodb.net:27017] org.mongodb.driver.cluster               : Discovered replica set primary ac-pedfcy5-shard-00-01.tee29a7.mongodb.net:27017 with max election id 7fffffff0000000000000445 and max set version 87
2026-06-13T11:10:58.764-05:00  INFO 20200 --- [CONVIVIRSMART] [           main] c.c.app.ConvivirsmartApplicationTests    : Started ConvivirsmartApplicationTests in 4.555 seconds (process running for 5.682)
]]></system-out>
    <system-err><![CDATA[--- EL CONTROLADOR FINANCIERO HA SIDO INICIALIZADO ---
WARNING: A Java agent has been loaded dynamically (C:\Users\HP\.m2\repository\net\bytebuddy\byte-buddy-agent\1.14.16\byte-buddy-agent-1.14.16.jar)
WARNING: If a serviceability tool is in use, please run with -XX:+EnableDynamicAgentLoading to hide this warning
WARNING: If a serviceability tool is not in use, please run with -Djdk.instrument.traceUsage for more information
WARNING: Dynamic loading of agents will be disallowed by default in a future release
]]></system-err>
  </testcase>
</testsuite>